<?xml version="1.0" encoding="UTF-8"?><testsuites failures="26" name="dependency-check" tests="159"><testsuite failures="0" errors="0" time="0" id="0" name="/home/runner/.m2/repository/org/jetbrains/annotations/15.0/annotations-15.0.jar" package="annotations-15.0.jar" skipped="0" tests="1" timestamp="2023-09-19T02:17:24.899397853"><testcase classname="dependency-check" name="annotations-15.0.jar"/></testsuite><testsuite failures="0" errors="0" time="0" id="1" name="/home/runner/.m2/repository/aopalliance/aopalliance/1.0/aopalliance-1.0.jar" package="aopalliance-1.0.jar" skipped="0" tests="1" timestamp="2023-09-19T02:17:24.899397853"><testcase classname="dependency-check" name="aopalliance-1.0.jar"/></testsuite><testsuite failures="0" errors="0" time="0" id="2" name="/home/runner/.m2/repository/com/cognitect/aws/api/0.8.612/api-0.8.612.jar" package="api-0.8.612.jar" skipped="0" tests="1" timestamp="2023-09-19T02:17:24.899397853"><testcase classname="dependency-check" name="api-0.8.612.jar"/></testsuite><testsuite failures="0" errors="0" time="0" id="3" name="/home/runner/.m2/repository/com/github/pmonks/asf-cat/1.0.83/asf-cat-1.0.83.jar" package="asf-cat-1.0.83.jar" skipped="0" tests="1" timestamp="2023-09-19T02:17:24.899397853"><testcase classname="dependency-check" name="asf-cat-1.0.83.jar"/></testsuite><testsuite failures="0" errors="0" time="0" id="4" name="/home/runner/.m2/repository/org/ow2/asm/asm/9.4/asm-9.4.jar" package="asm-9.4.jar" skipped="0" tests="1" timestamp="2023-09-19T02:17:24.899397853"><testcase classname="dependency-check" name="asm-9.4.jar"/></testsuite><testsuite failures="0" errors="0" time="0" id="5" name="/home/runner/.m2/repository/org/ow2/asm/asm-all/5.2/asm-all-5.2.jar" package="asm-all-5.2.jar" skipped="0" tests="1" timestamp="2023-09-19T02:17:24.899397853"><testcase classname="dependency-check" name="asm-all-5.2.jar"/></testsuite><testsuite failures="0" errors="0" time="0" id="6" name="/home/runner/.m2/repository/org/nibor/autolink/autolink/0.6.0/autolink-0.6.0.jar" package="autolink-0.6.0.jar" skipped="0" tests="1" timestamp="2023-09-19T02:17:24.899397853"><testcase classname="dependency-check" name="autolink-0.6.0.jar"/></testsuite><testsuite failures="1" errors="0" time="0" id="7" name="/home/runner/.m2/repository/com/amazonaws/aws-java-sdk-core/1.12.49/aws-java-sdk-core-1.12.49.jar" package="aws-java-sdk-core-1.12.49.jar" skipped="0" tests="1" timestamp="2023-09-19T02:17:24.899397853"><testcase classname="CVE-2022-31159" name="pkg:maven/com.amazonaws/aws-java-sdk-core@1.12.49"><failure message="cvssV3: MEDIUM, score: 6.5 (CVSS:3.1/AV:N/AC:L/PR:L/UI:N/S:U/C:H/I:N/A:N)"/><system-out>The AWS SDK for Java enables Java developers to work with Amazon Web Services. A partial-path traversal issue exists within the `downloadDirectory` method in the AWS S3 TransferManager component of the AWS SDK for Java v1 prior to version 1.12.261. Applications using the SDK control the `destinationDirectory` argument, but S3 object keys are determined by the application that uploaded the objects. The `downloadDirectory` method allows the caller to pass a filesystem object in the object key but contained an issue in the validation logic for the key name. A knowledgeable actor could bypass the validation logic by including a UNIX double-dot in the bucket key. Under certain conditions, this could permit them to retrieve a directory from their S3 bucket that is one level up in the filesystem from their working directory. This issue’s scope is limited to directories whose name prefix matches the destinationDirectory. E.g. for destination directory`/tmp/foo`, the actor can cause a download to `/tmp/foo-bar`, but not `/tmp/bar`. If `com.amazonaws.services.s3.transfer.TransferManager::downloadDirectory` is used to download an untrusted buckets contents, the contents of that bucket can be written outside of the intended destination directory. Version 1.12.261 contains a patch for this issue. As a workaround, when calling `com.amazonaws.services.s3.transfer.TransferManager::downloadDirectory`, pass a `KeyFilter` that forbids `S3ObjectSummary` objects that `getKey` method return a string containing the substring `..` .</system-out><system-err>location: /home/runner/.m2/repository/com/amazonaws/aws-java-sdk-core/1.12.49/aws-java-sdk-core-1.12.49.jar, project-references: [  ]</system-err></testcase></testsuite><testsuite failures="0" errors="0" time="0" id="8" name="/home/runner/.m2/repository/org/springframework/build/aws-maven/4.8.0.RELEASE/aws-maven-4.8.0.RELEASE.jar" package="aws-maven-4.8.0.RELEASE.jar" skipped="0" tests="1" timestamp="2023-09-19T02:17:24.899397853"><testcase classname="dependency-check" name="aws-maven-4.8.0.RELEASE.jar"/></testsuite><testsuite failures="0" errors="0" time="0" id="9" name="/home/runner/.m2/repository/nrepl/bencode/1.1.0/bencode-1.1.0.jar" package="bencode-1.1.0.jar" skipped="0" tests="1" timestamp="2023-09-19T02:17:24.899397853"><testcase classname="dependency-check" name="bencode-1.1.0.jar"/></testsuite><testsuite failures="0" errors="0" time="0" id="10" name="/home/runner/.m2/repository/timofreiberg/bultitude/0.3.1/bultitude-0.3.1.jar" package="bultitude-0.3.1.jar" skipped="0" tests="1" timestamp="2023-09-19T02:17:24.899397853"><testcase classname="dependency-check" name="bultitude-0.3.1.jar"/></testsuite><testsuite failures="0" errors="0" time="0" id="11" name="/home/runner/.m2/repository/camel-snake-kebab/camel-snake-kebab/0.4.3/camel-snake-kebab-0.4.3.jar" package="camel-snake-kebab-0.4.3.jar" skipped="0" tests="1" timestamp="2023-09-19T02:17:24.899397853"><testcase classname="dependency-check" name="camel-snake-kebab-0.4.3.jar"/></testsuite><testsuite failures="0" errors="0" time="0" id="12" name="/home/runner/.m2/repository/org/checkerframework/checker-qual/3.12.0/checker-qual-3.12.0.jar" package="checker-qual-3.12.0.jar" skipped="0" tests="1" timestamp="2023-09-19T02:17:24.899397853"><testcase classname="dependency-check" name="checker-qual-3.12.0.jar"/></testsuite><testsuite failures="0" errors="0" time="0" id="13" name="/home/runner/.m2/repository/cheshire/cheshire/5.11.0/cheshire-5.11.0.jar" package="cheshire-5.11.0.jar" skipped="0" tests="1" timestamp="2023-09-19T02:17:24.899397853"><testcase classname="dependency-check" name="cheshire-5.11.0.jar"/></testsuite><testsuite failures="0" errors="0" time="0" id="14" name="/home/runner/.m2/repository/clj-kondo/clj-kondo/2023.09.07/clj-kondo-2023.09.07.jar" package="clj-kondo-2023.09.07.jar" skipped="0" tests="1" timestamp="2023-09-19T02:17:24.899397853"><testcase classname="dependency-check" name="clj-kondo-2023.09.07.jar"/></testsuite><testsuite failures="0" errors="0" time="0" id="15" name="/home/runner/.m2/repository/clj-xml-validation/clj-xml-validation/1.0.2/clj-xml-validation-1.0.2.jar" package="clj-xml-validation-1.0.2.jar" skipped="0" tests="1" timestamp="2023-09-19T02:17:24.899397853"><testcase classname="dependency-check" name="clj-xml-validation-1.0.2.jar"/></testsuite><testsuite failures="0" errors="0" time="0" id="16" name="/home/runner/.m2/repository/org/clojure/clojure/1.11.1/clojure-1.11.1.jar" package="clojure-1.11.1.jar" skipped="0" tests="1" timestamp="2023-09-19T02:17:24.899397853"><testcase classname="dependency-check" name="clojure-1.11.1.jar"/></testsuite><testsuite failures="1" errors="0" time="0" id="17" name="/home/runner/.m2/repository/org/clojure/clojurescript/1.7.189/clojurescript-1.7.189.jar" package="clojurescript-1.7.189.jar" skipped="0" tests="1" timestamp="2023-09-19T02:17:24.899397853"><testcase classname="CVE-2023-0247" name="pkg:maven/org.clojure/clojurescript@1.7.189"><failure message="cvssV3: HIGH, score: 7.8 (CVSS:3.1/AV:L/AC:L/PR:N/UI:R/S:U/C:H/I:H/A:H)"/><system-out>Uncontrolled Search Path Element in GitHub repository bits-and-blooms/bloom prior to 3.3.1.</system-out><system-err>location: /home/runner/.m2/repository/org/clojure/clojurescript/1.7.189/clojurescript-1.7.189.jar, project-references: [  ]</system-err></testcase></testsuite><testsuite failures="0" errors="0" time="0" id="18" name="/home/runner/.m2/repository/com/google/javascript/closure-compiler/v20151015/closure-compiler-v20151015.jar/META-INF/maven/args4j/args4j/pom.xml" package="closure-compiler-v20151015.jar (shaded: args4j:args4j:2.0.26)" skipped="0" tests="1" timestamp="2023-09-19T02:17:24.899397853"><testcase classname="dependency-check" name="closure-compiler-v20151015.jar (shaded: args4j:args4j:2.0.26)"/></testsuite><testsuite failures="3" errors="0" time="0" id="19" name="/home/runner/.m2/repository/com/google/javascript/closure-compiler/v20151015/closure-compiler-v20151015.jar/META-INF/maven/com.google.guava/guava/pom.xml" package="closure-compiler-v20151015.jar (shaded: com.google.guava:guava:18.0)" skipped="0" tests="3" timestamp="2023-09-19T02:17:24.899397853"><testcase classname="CVE-2023-2976" name="pkg:maven/com.google.guava/guava@18.0"><failure message="cvssV3: HIGH, score: 7.1 (CVSS:3.1/AV:L/AC:L/PR:L/UI:N/S:U/C:H/I:H/A:N)"/><system-out>Use of Java&apos;s default temporary directory for file creation in `FileBackedOutputStream` in Google Guava versions 1.0 to 31.1 on Unix systems and Android Ice Cream Sandwich allows other users and apps on the machine with access to the default Java temporary directory to be able to access the files created by the class.

Even though the security vulnerability is fixed in version 32.0.0, we recommend using version 32.0.1 as version 32.0.0 breaks some functionality under Windows.

</system-out><system-err>location: /home/runner/.m2/repository/com/google/javascript/closure-compiler/v20151015/closure-compiler-v20151015.jar/META-INF/maven/com.google.guava/guava/pom.xml, project-references: [  ]</system-err></testcase><testcase classname="CVE-2018-10237" name="pkg:maven/com.google.guava/guava@18.0"><failure message="cvssV3: MEDIUM, score: 5.9 (CVSS:3.1/AV:N/AC:H/PR:N/UI:N/S:U/C:N/I:N/A:H)"/><system-out>Unbounded memory allocation in Google Guava 11.0 through 24.x before 24.1.1 allows remote attackers to conduct denial of service attacks against servers that depend on this library and deserialize attacker-provided data, because the AtomicDoubleArray class (when serialized with Java serialization) and the CompoundOrdering class (when serialized with GWT serialization) perform eager allocation without appropriate checks on what a client has sent and whether the data size is reasonable.</system-out><system-err>location: /home/runner/.m2/repository/com/google/javascript/closure-compiler/v20151015/closure-compiler-v20151015.jar/META-INF/maven/com.google.guava/guava/pom.xml, project-references: [  ]</system-err></testcase><testcase classname="CVE-2020-8908" name="pkg:maven/com.google.guava/guava@18.0"><failure message="cvssV3: LOW, score: 3.3 (CVSS:3.1/AV:L/AC:L/PR:L/UI:N/S:U/C:L/I:N/A:N)"/><system-out>A temp directory creation vulnerability exists in all versions of Guava, allowing an attacker with access to the machine to potentially access data in a temporary directory created by the Guava API com.google.common.io.Files.createTempDir(). By default, on unix-like systems, the created directory is world-readable (readable by an attacker with access to the system). The method in question has been marked @Deprecated in versions 30.0 and later and should not be used. For Android developers, we recommend choosing a temporary directory API provided by Android, such as context.getCacheDir(). For other Java developers, we recommend migrating to the Java 7 API java.nio.file.Files.createTempDirectory() which explicitly configures permissions of 700, or configuring the Java runtime&apos;s java.io.tmpdir system property to point to a location whose permissions are appropriately configured.

</system-out><system-err>location: /home/runner/.m2/repository/com/google/javascript/closure-compiler/v20151015/closure-compiler-v20151015.jar/META-INF/maven/com.google.guava/guava/pom.xml, project-references: [  ]</system-err></testcase></testsuite><testsuite failures="0" errors="0" time="0" id="20" name="/home/runner/.m2/repository/com/google/javascript/closure-compiler/v20151015/closure-compiler-v20151015.jar/META-INF/maven/com.google.javascript/closure-compiler-externs/pom.xml" package="closure-compiler-v20151015.jar (shaded: com.google.javascript:closure-compiler-externs:v20151015)" skipped="0" tests="1" timestamp="2023-09-19T02:17:24.899397853"><testcase classname="dependency-check" name="closure-compiler-v20151015.jar (shaded: com.google.javascript:closure-compiler-externs:v20151015)"/></testsuite><testsuite failures="3" errors="0" time="0" id="21" name="/home/runner/.m2/repository/com/google/javascript/closure-compiler/v20151015/closure-compiler-v20151015.jar/META-INF/maven/com.google.protobuf/protobuf-java/pom.xml" package="closure-compiler-v20151015.jar (shaded: com.google.protobuf:protobuf-java:2.5.0)" skipped="0" tests="3" timestamp="2023-09-19T02:17:24.899397853"><testcase classname="CVE-2022-3171" name="pkg:maven/com.google.protobuf/protobuf-java@2.5.0"><failure message="cvssV3: HIGH, score: 7.5 (CVSS:3.1/AV:N/AC:L/PR:N/UI:N/S:U/C:N/I:N/A:H)"/><system-out>A parsing issue with binary data in protobuf-java core and lite versions prior to 3.21.7, 3.20.3, 3.19.6 and 3.16.3 can lead to a denial of service attack. Inputs containing multiple instances of non-repeated embedded messages with repeated or unknown fields causes objects to be converted back-n-forth between mutable and immutable forms, resulting in potentially long garbage collection pauses. We recommend updating to the versions mentioned above.</system-out><system-err>location: /home/runner/.m2/repository/com/google/javascript/closure-compiler/v20151015/closure-compiler-v20151015.jar/META-INF/maven/com.google.protobuf/protobuf-java/pom.xml, project-references: [  ]</system-err></testcase><testcase classname="CVE-2022-3509" name="pkg:maven/com.google.protobuf/protobuf-java@2.5.0"><failure message="cvssV3: HIGH, score: 7.5 (CVSS:3.1/AV:N/AC:L/PR:N/UI:N/S:U/C:N/I:N/A:H)"/><system-out>A parsing issue similar to CVE-2022-3171, but with textformat in protobuf-java core and lite versions prior to 3.21.7, 3.20.3, 3.19.6 and 3.16.3 can lead to a denial of service attack. Inputs containing multiple instances of non-repeated embedded messages with repeated or unknown fields causes objects to be converted back-n-forth between mutable and immutable forms, resulting in potentially long garbage collection pauses. We recommend updating to the versions mentioned above.</system-out><system-err>location: /home/runner/.m2/repository/com/google/javascript/closure-compiler/v20151015/closure-compiler-v20151015.jar/META-INF/maven/com.google.protobuf/protobuf-java/pom.xml, project-references: [  ]</system-err></testcase><testcase classname="CVE-2021-22569" name="pkg:maven/com.google.protobuf/protobuf-java@2.5.0"><failure message="cvssV3: MEDIUM, score: 5.5 (CVSS:3.1/AV:L/AC:L/PR:N/UI:R/S:U/C:N/I:N/A:H)"/><system-out>An issue in protobuf-java allowed the interleaving of com.google.protobuf.UnknownFieldSet fields in such a way that would be processed out of order. A small malicious payload can occupy the parser for several minutes by creating large numbers of short-lived objects that cause frequent, repeated pauses. We recommend upgrading libraries beyond the vulnerable versions.</system-out><system-err>location: /home/runner/.m2/repository/com/google/javascript/closure-compiler/v20151015/closure-compiler-v20151015.jar/META-INF/maven/com.google.protobuf/protobuf-java/pom.xml, project-references: [  ]</system-err></testcase></testsuite><testsuite failures="0" errors="0" time="0" id="22" name="/home/runner/.m2/repository/com/google/javascript/closure-compiler/v20151015/closure-compiler-v20151015.jar" package="closure-compiler-v20151015.jar" skipped="0" tests="1" timestamp="2023-09-19T02:17:24.899397853"><testcase classname="dependency-check" name="closure-compiler-v20151015.jar"/></testsuite><testsuite failures="0" errors="0" time="0" id="23" name="/home/runner/.m2/repository/codox/codox/0.10.8/codox-0.10.8.jar" package="codox-0.10.8.jar" skipped="0" tests="1" timestamp="2023-09-19T02:17:24.899397853"><testcase classname="dependency-check" name="codox-0.10.8.jar"/></testsuite><testsuite failures="0" errors="0" time="0" id="24" name="/home/runner/.m2/repository/commons-codec/commons-codec/1.15/commons-codec-1.15.jar" package="commons-codec-1.15.jar" skipped="0" tests="1" timestamp="2023-09-19T02:17:24.899397853"><testcase classname="dependency-check" name="commons-codec-1.15.jar"/></testsuite><testsuite failures="0" errors="0" time="0" id="25" name="/home/runner/.m2/repository/commons-io/commons-io/2.11.0/commons-io-2.11.0.jar" package="commons-io-2.11.0.jar" skipped="0" tests="1" timestamp="2023-09-19T02:17:24.899397853"><testcase classname="dependency-check" name="commons-io-2.11.0.jar"/></testsuite><testsuite failures="0" errors="0" time="0" id="26" name="/home/runner/.m2/repository/org/apache/commons/commons-lang3/3.12.0/commons-lang3-3.12.0.jar" package="commons-lang3-3.12.0.jar" skipped="0" tests="1" timestamp="2023-09-19T02:17:24.899397853"><testcase classname="dependency-check" name="commons-lang3-3.12.0.jar"/></testsuite><testsuite failures="0" errors="0" time="0" id="27" name="/home/runner/.m2/repository/commons-logging/commons-logging/1.2/commons-logging-1.2.jar" package="commons-logging-1.2.jar" skipped="0" tests="1" timestamp="2023-09-19T02:17:24.899397853"><testcase classname="dependency-check" name="commons-logging-1.2.jar"/></testsuite><testsuite failures="0" errors="0" time="0" id="28" name="/home/runner/.m2/repository/org/clojure/core.async/1.6.673/core.async-1.6.673.jar" package="core.async-1.6.673.jar" skipped="0" tests="1" timestamp="2023-09-19T02:17:24.899397853"><testcase classname="dependency-check" name="core.async-1.6.673.jar"/></testsuite><testsuite failures="0" errors="0" time="0" id="29" name="/home/runner/.m2/repository/org/clojure/core.cache/1.0.225/core.cache-1.0.225.jar" package="core.cache-1.0.225.jar" skipped="0" tests="1" timestamp="2023-09-19T02:17:24.899397853"><testcase classname="dependency-check" name="core.cache-1.0.225.jar"/></testsuite><testsuite failures="0" errors="0" time="0" id="30" name="/home/runner/.m2/repository/org/clojure/core.memoize/1.0.253/core.memoize-1.0.253.jar" package="core.memoize-1.0.253.jar" skipped="0" tests="1" timestamp="2023-09-19T02:17:24.899397853"><testcase classname="dependency-check" name="core.memoize-1.0.253.jar"/></testsuite><testsuite failures="0" errors="0" time="0" id="31" name="/home/runner/.m2/repository/org/clojure/core.specs.alpha/0.2.62/core.specs.alpha-0.2.62.jar" package="core.specs.alpha-0.2.62.jar" skipped="0" tests="1" timestamp="2023-09-19T02:17:24.899397853"><testcase classname="dependency-check" name="core.specs.alpha-0.2.62.jar"/></testsuite><testsuite failures="0" errors="0" time="0" id="32" name="/home/runner/.m2/repository/org/clojure/data.json/2.4.0/data.json-2.4.0.jar" package="data.json-2.4.0.jar" skipped="0" tests="1" timestamp="2023-09-19T02:17:24.899397853"><testcase classname="dependency-check" name="data.json-2.4.0.jar"/></testsuite><testsuite failures="0" errors="0" time="0" id="33" name="/home/runner/.m2/repository/org/clojure/data.priority-map/1.1.0/data.priority-map-1.1.0.jar" package="data.priority-map-1.1.0.jar" skipped="0" tests="1" timestamp="2023-09-19T02:17:24.899397853"><testcase classname="dependency-check" name="data.priority-map-1.1.0.jar"/></testsuite><testsuite failures="0" errors="0" time="0" id="34" name="/home/runner/.m2/repository/org/clojure/data.xml/0.2.0-alpha8/data.xml-0.2.0-alpha8.jar" package="data.xml-0.2.0-alpha8.jar" skipped="0" tests="1" timestamp="2023-09-19T02:17:24.899397853"><testcase classname="dependency-check" name="data.xml-0.2.0-alpha8.jar"/></testsuite><testsuite failures="0" errors="0" time="0" id="35" name="/home/runner/.m2/repository/io/replikativ/datalog-parser/0.2.25/datalog-parser-0.2.25.jar" package="datalog-parser-0.2.25.jar" skipped="0" tests="1" timestamp="2023-09-19T02:17:24.899397853"><testcase classname="dependency-check" name="datalog-parser-0.2.25.jar"/></testsuite><testsuite failures="0" errors="0" time="0" id="36" name="/home/runner/.m2/repository/slipset/deps-deploy/0.2.1/deps-deploy-0.2.1.jar" package="deps-deploy-0.2.1.jar" skipped="0" tests="1" timestamp="2023-09-19T02:17:24.899397853"><testcase classname="dependency-check" name="deps-deploy-0.2.1.jar"/></testsuite><testsuite failures="0" errors="0" time="0" id="37" name="/home/runner/.m2/repository/org/tcrawley/dynapath/1.0.0/dynapath-1.0.0.jar" package="dynapath-1.0.0.jar" skipped="0" tests="1" timestamp="2023-09-19T02:17:24.899397853"><testcase classname="dependency-check" name="dynapath-1.0.0.jar"/></testsuite><testsuite failures="0" errors="0" time="0" id="38" name="/home/runner/.m2/repository/jonase/eastwood/1.4.0/eastwood-1.4.0.jar" package="eastwood-1.4.0.jar" skipped="0" tests="1" timestamp="2023-09-19T02:17:24.899397853"><testcase classname="dependency-check" name="eastwood-1.4.0.jar"/></testsuite><testsuite failures="0" errors="0" time="0" id="39" name="/home/runner/.m2/repository/borkdude/edamame/1.1.17/edamame-1.1.17.jar" package="edamame-1.1.17.jar" skipped="0" tests="1" timestamp="2023-09-19T02:17:24.899397853"><testcase classname="dependency-check" name="edamame-1.1.17.jar"/></testsuite><testsuite failures="0" errors="0" time="0" id="40" name="/home/runner/.m2/repository/com/cognitect/aws/endpoints/1.1.12.321/endpoints-1.1.12.321.jar" package="endpoints-1.1.12.321.jar" skipped="0" tests="1" timestamp="2023-09-19T02:17:24.899397853"><testcase classname="dependency-check" name="endpoints-1.1.12.321.jar"/></testsuite><testsuite failures="0" errors="0" time="0" id="41" name="/home/runner/.m2/repository/enlive/enlive/1.1.6/enlive-1.1.6.jar" package="enlive-1.1.6.jar" skipped="0" tests="1" timestamp="2023-09-19T02:17:24.899397853"><testcase classname="dependency-check" name="enlive-1.1.6.jar"/></testsuite><testsuite failures="0" errors="0" time="0" id="42" name="/home/runner/.m2/repository/com/google/errorprone/error_prone_annotations/2.11.0/error_prone_annotations-2.11.0.jar" package="error_prone_annotations-2.11.0.jar" skipped="0" tests="1" timestamp="2023-09-19T02:17:24.899397853"><testcase classname="dependency-check" name="error_prone_annotations-2.11.0.jar"/></testsuite><testsuite failures="0" errors="0" time="0" id="43" name="/home/runner/.m2/repository/com/google/guava/failureaccess/1.0.1/failureaccess-1.0.1.jar" package="failureaccess-1.0.1.jar" skipped="0" tests="1" timestamp="2023-09-19T02:17:24.899397853"><testcase classname="dependency-check" name="failureaccess-1.0.1.jar"/></testsuite><testsuite failures="0" errors="0" time="0" id="44" name="/home/runner/.m2/repository/com/vladsch/flexmark/flexmark/0.62.2/flexmark-0.62.2.jar" package="flexmark-0.62.2.jar" skipped="0" tests="1" timestamp="2023-09-19T02:17:24.899397853"><testcase classname="dependency-check" name="flexmark-0.62.2.jar"/></testsuite><testsuite failures="0" errors="0" time="0" id="45" name="/home/runner/.m2/repository/com/vladsch/flexmark/flexmark-ext-abbreviation/0.62.2/flexmark-ext-abbreviation-0.62.2.jar" package="flexmark-ext-abbreviation-0.62.2.jar" skipped="0" tests="1" timestamp="2023-09-19T02:17:24.899397853"><testcase classname="dependency-check" name="flexmark-ext-abbreviation-0.62.2.jar"/></testsuite><testsuite failures="0" errors="0" time="0" id="46" name="/home/runner/.m2/repository/com/vladsch/flexmark/flexmark-ext-aside/0.62.2/flexmark-ext-aside-0.62.2.jar" package="flexmark-ext-aside-0.62.2.jar" skipped="0" tests="1" timestamp="2023-09-19T02:17:24.899397853"><testcase classname="dependency-check" name="flexmark-ext-aside-0.62.2.jar"/></testsuite><testsuite failures="0" errors="0" time="0" id="47" name="/home/runner/.m2/repository/com/vladsch/flexmark/flexmark-ext-autolink/0.62.2/flexmark-ext-autolink-0.62.2.jar" package="flexmark-ext-autolink-0.62.2.jar" skipped="0" tests="1" timestamp="2023-09-19T02:17:24.899397853"><testcase classname="dependency-check" name="flexmark-ext-autolink-0.62.2.jar"/></testsuite><testsuite failures="0" errors="0" time="0" id="48" name="/home/runner/.m2/repository/com/vladsch/flexmark/flexmark-ext-definition/0.62.2/flexmark-ext-definition-0.62.2.jar" package="flexmark-ext-definition-0.62.2.jar" skipped="0" tests="1" timestamp="2023-09-19T02:17:24.899397853"><testcase classname="dependency-check" name="flexmark-ext-definition-0.62.2.jar"/></testsuite><testsuite failures="0" errors="0" time="0" id="49" name="/home/runner/.m2/repository/com/vladsch/flexmark/flexmark-ext-emoji/0.62.2/flexmark-ext-emoji-0.62.2.jar" package="flexmark-ext-emoji-0.62.2.jar" skipped="0" tests="1" timestamp="2023-09-19T02:17:24.899397853"><testcase classname="dependency-check" name="flexmark-ext-emoji-0.62.2.jar"/></testsuite><testsuite failures="0" errors="0" time="0" id="50" name="/home/runner/.m2/repository/com/vladsch/flexmark/flexmark-ext-escaped-character/0.62.2/flexmark-ext-escaped-character-0.62.2.jar" package="flexmark-ext-escaped-character-0.62.2.jar" skipped="0" tests="1" timestamp="2023-09-19T02:17:24.899397853"><testcase classname="dependency-check" name="flexmark-ext-escaped-character-0.62.2.jar"/></testsuite><testsuite failures="0" errors="0" time="0" id="51" name="/home/runner/.m2/repository/com/vladsch/flexmark/flexmark-ext-footnotes/0.62.2/flexmark-ext-footnotes-0.62.2.jar" package="flexmark-ext-footnotes-0.62.2.jar" skipped="0" tests="1" timestamp="2023-09-19T02:17:24.899397853"><testcase classname="dependency-check" name="flexmark-ext-footnotes-0.62.2.jar"/></testsuite><testsuite failures="0" errors="0" time="0" id="52" name="/home/runner/.m2/repository/com/vladsch/flexmark/flexmark-ext-gfm-strikethrough/0.62.2/flexmark-ext-gfm-strikethrough-0.62.2.jar" package="flexmark-ext-gfm-strikethrough-0.62.2.jar" skipped="0" tests="1" timestamp="2023-09-19T02:17:24.899397853"><testcase classname="dependency-check" name="flexmark-ext-gfm-strikethrough-0.62.2.jar"/></testsuite><testsuite failures="0" errors="0" time="0" id="53" name="/home/runner/.m2/repository/com/vladsch/flexmark/flexmark-ext-gfm-tasklist/0.62.2/flexmark-ext-gfm-tasklist-0.62.2.jar" package="flexmark-ext-gfm-tasklist-0.62.2.jar" skipped="0" tests="1" timestamp="2023-09-19T02:17:24.899397853"><testcase classname="dependency-check" name="flexmark-ext-gfm-tasklist-0.62.2.jar"/></testsuite><testsuite failures="0" errors="0" time="0" id="54" name="/home/runner/.m2/repository/com/vladsch/flexmark/flexmark-ext-ins/0.62.2/flexmark-ext-ins-0.62.2.jar" package="flexmark-ext-ins-0.62.2.jar" skipped="0" tests="1" timestamp="2023-09-19T02:17:24.899397853"><testcase classname="dependency-check" name="flexmark-ext-ins-0.62.2.jar"/></testsuite><testsuite failures="0" errors="0" time="0" id="55" name="/home/runner/.m2/repository/com/vladsch/flexmark/flexmark-ext-jekyll-front-matter/0.62.2/flexmark-ext-jekyll-front-matter-0.62.2.jar" package="flexmark-ext-jekyll-front-matter-0.62.2.jar" skipped="0" tests="1" timestamp="2023-09-19T02:17:24.899397853"><testcase classname="dependency-check" name="flexmark-ext-jekyll-front-matter-0.62.2.jar"/></testsuite><testsuite failures="0" errors="0" time="0" id="56" name="/home/runner/.m2/repository/com/vladsch/flexmark/flexmark-ext-superscript/0.62.2/flexmark-ext-superscript-0.62.2.jar" package="flexmark-ext-superscript-0.62.2.jar" skipped="0" tests="1" timestamp="2023-09-19T02:17:24.899397853"><testcase classname="dependency-check" name="flexmark-ext-superscript-0.62.2.jar"/></testsuite><testsuite failures="0" errors="0" time="0" id="57" name="/home/runner/.m2/repository/com/vladsch/flexmark/flexmark-ext-tables/0.62.2/flexmark-ext-tables-0.62.2.jar" package="flexmark-ext-tables-0.62.2.jar" skipped="0" tests="1" timestamp="2023-09-19T02:17:24.899397853"><testcase classname="dependency-check" name="flexmark-ext-tables-0.62.2.jar"/></testsuite><testsuite failures="0" errors="0" time="0" id="58" name="/home/runner/.m2/repository/com/vladsch/flexmark/flexmark-ext-toc/0.62.2/flexmark-ext-toc-0.62.2.jar" package="flexmark-ext-toc-0.62.2.jar" skipped="0" tests="1" timestamp="2023-09-19T02:17:24.899397853"><testcase classname="dependency-check" name="flexmark-ext-toc-0.62.2.jar"/></testsuite><testsuite failures="0" errors="0" time="0" id="59" name="/home/runner/.m2/repository/com/vladsch/flexmark/flexmark-ext-typographic/0.62.2/flexmark-ext-typographic-0.62.2.jar" package="flexmark-ext-typographic-0.62.2.jar" skipped="0" tests="1" timestamp="2023-09-19T02:17:24.899397853"><testcase classname="dependency-check" name="flexmark-ext-typographic-0.62.2.jar"/></testsuite><testsuite failures="0" errors="0" time="0" id="60" name="/home/runner/.m2/repository/com/vladsch/flexmark/flexmark-ext-wikilink/0.62.2/flexmark-ext-wikilink-0.62.2.jar" package="flexmark-ext-wikilink-0.62.2.jar" skipped="0" tests="1" timestamp="2023-09-19T02:17:24.899397853"><testcase classname="dependency-check" name="flexmark-ext-wikilink-0.62.2.jar"/></testsuite><testsuite failures="0" errors="0" time="0" id="61" name="/home/runner/.m2/repository/com/vladsch/flexmark/flexmark-ext-yaml-front-matter/0.62.2/flexmark-ext-yaml-front-matter-0.62.2.jar" package="flexmark-ext-yaml-front-matter-0.62.2.jar" skipped="0" tests="1" timestamp="2023-09-19T02:17:24.899397853"><testcase classname="dependency-check" name="flexmark-ext-yaml-front-matter-0.62.2.jar"/></testsuite><testsuite failures="0" errors="0" time="0" id="62" name="/home/runner/.m2/repository/com/vladsch/flexmark/flexmark-jira-converter/0.62.2/flexmark-jira-converter-0.62.2.jar" package="flexmark-jira-converter-0.62.2.jar" skipped="0" tests="1" timestamp="2023-09-19T02:17:24.899397853"><testcase classname="dependency-check" name="flexmark-jira-converter-0.62.2.jar"/></testsuite><testsuite failures="0" errors="0" time="0" id="63" name="/home/runner/.m2/repository/com/vladsch/flexmark/flexmark-profile-pegdown/0.62.2/flexmark-profile-pegdown-0.62.2.jar" package="flexmark-profile-pegdown-0.62.2.jar" skipped="0" tests="1" timestamp="2023-09-19T02:17:24.899397853"><testcase classname="dependency-check" name="flexmark-profile-pegdown-0.62.2.jar"/></testsuite><testsuite failures="0" errors="0" time="0" id="64" name="/home/runner/.m2/repository/com/vladsch/flexmark/flexmark-util/0.62.2/flexmark-util-0.62.2.jar" package="flexmark-util-0.62.2.jar" skipped="0" tests="1" timestamp="2023-09-19T02:17:24.899397853"><testcase classname="dependency-check" name="flexmark-util-0.62.2.jar"/></testsuite><testsuite failures="0" errors="0" time="0" id="65" name="/home/runner/.m2/repository/com/vladsch/flexmark/flexmark-util-ast/0.62.2/flexmark-util-ast-0.62.2.jar" package="flexmark-util-ast-0.62.2.jar" skipped="0" tests="1" timestamp="2023-09-19T02:17:24.899397853"><testcase classname="dependency-check" name="flexmark-util-ast-0.62.2.jar"/></testsuite><testsuite failures="0" errors="0" time="0" id="66" name="/home/runner/.m2/repository/com/vladsch/flexmark/flexmark-util-builder/0.62.2/flexmark-util-builder-0.62.2.jar" package="flexmark-util-builder-0.62.2.jar" skipped="0" tests="1" timestamp="2023-09-19T02:17:24.899397853"><testcase classname="dependency-check" name="flexmark-util-builder-0.62.2.jar"/></testsuite><testsuite failures="0" errors="0" time="0" id="67" name="/home/runner/.m2/repository/com/vladsch/flexmark/flexmark-util-collection/0.62.2/flexmark-util-collection-0.62.2.jar" package="flexmark-util-collection-0.62.2.jar" skipped="0" tests="1" timestamp="2023-09-19T02:17:24.899397853"><testcase classname="dependency-check" name="flexmark-util-collection-0.62.2.jar"/></testsuite><testsuite failures="0" errors="0" time="0" id="68" name="/home/runner/.m2/repository/com/vladsch/flexmark/flexmark-util-data/0.62.2/flexmark-util-data-0.62.2.jar" package="flexmark-util-data-0.62.2.jar" skipped="0" tests="1" timestamp="2023-09-19T02:17:24.899397853"><testcase classname="dependency-check" name="flexmark-util-data-0.62.2.jar"/></testsuite><testsuite failures="0" errors="0" time="0" id="69" name="/home/runner/.m2/repository/com/vladsch/flexmark/flexmark-util-dependency/0.62.2/flexmark-util-dependency-0.62.2.jar" package="flexmark-util-dependency-0.62.2.jar" skipped="0" tests="1" timestamp="2023-09-19T02:17:24.899397853"><testcase classname="dependency-check" name="flexmark-util-dependency-0.62.2.jar"/></testsuite><testsuite failures="0" errors="0" time="0" id="70" name="/home/runner/.m2/repository/com/vladsch/flexmark/flexmark-util-format/0.62.2/flexmark-util-format-0.62.2.jar" package="flexmark-util-format-0.62.2.jar" skipped="0" tests="1" timestamp="2023-09-19T02:17:24.899397853"><testcase classname="dependency-check" name="flexmark-util-format-0.62.2.jar"/></testsuite><testsuite failures="0" errors="0" time="0" id="71" name="/home/runner/.m2/repository/com/vladsch/flexmark/flexmark-util-html/0.62.2/flexmark-util-html-0.62.2.jar" package="flexmark-util-html-0.62.2.jar" skipped="0" tests="1" timestamp="2023-09-19T02:17:24.899397853"><testcase classname="dependency-check" name="flexmark-util-html-0.62.2.jar"/></testsuite><testsuite failures="0" errors="0" time="0" id="72" name="/home/runner/.m2/repository/com/vladsch/flexmark/flexmark-util-misc/0.62.2/flexmark-util-misc-0.62.2.jar" package="flexmark-util-misc-0.62.2.jar" skipped="0" tests="1" timestamp="2023-09-19T02:17:24.899397853"><testcase classname="dependency-check" name="flexmark-util-misc-0.62.2.jar"/></testsuite><testsuite failures="0" errors="0" time="0" id="73" name="/home/runner/.m2/repository/com/vladsch/flexmark/flexmark-util-options/0.62.2/flexmark-util-options-0.62.2.jar" package="flexmark-util-options-0.62.2.jar" skipped="0" tests="1" timestamp="2023-09-19T02:17:24.899397853"><testcase classname="dependency-check" name="flexmark-util-options-0.62.2.jar"/></testsuite><testsuite failures="0" errors="0" time="0" id="74" name="/home/runner/.m2/repository/com/vladsch/flexmark/flexmark-util-sequence/0.62.2/flexmark-util-sequence-0.62.2.jar" package="flexmark-util-sequence-0.62.2.jar" skipped="0" tests="1" timestamp="2023-09-19T02:17:24.899397853"><testcase classname="dependency-check" name="flexmark-util-sequence-0.62.2.jar"/></testsuite><testsuite failures="0" errors="0" time="0" id="75" name="/home/runner/.m2/repository/com/vladsch/flexmark/flexmark-util-visitor/0.62.2/flexmark-util-visitor-0.62.2.jar" package="flexmark-util-visitor-0.62.2.jar" skipped="0" tests="1" timestamp="2023-09-19T02:17:24.899397853"><testcase classname="dependency-check" name="flexmark-util-visitor-0.62.2.jar"/></testsuite><testsuite failures="0" errors="0" time="0" id="76" name="/home/runner/.m2/repository/babashka/fs/0.2.16/fs-0.2.16.jar" package="fs-0.2.16.jar" skipped="0" tests="1" timestamp="2023-09-19T02:17:24.899397853"><testcase classname="dependency-check" name="fs-0.2.16.jar"/></testsuite><testsuite failures="1" errors="0" time="0" id="77" name="/home/runner/.m2/repository/org/clojure/google-closure-library/0.0-20151016-61277aea/google-closure-library-0.0-20151016-61277aea.jar" package="google-closure-library-0.0-20151016-61277aea.jar" skipped="0" tests="1" timestamp="2023-09-19T02:17:24.899397853"><testcase classname="CVE-2020-8910" name="pkg:maven/org.clojure/google-closure-library@0.0-20151016-61277aea"><failure message="cvssV3: MEDIUM, score: 6.5 (CVSS:3.1/AV:N/AC:L/PR:N/UI:R/S:U/C:H/I:N/A:N)"/><system-out>A URL parsing issue in goog.uri of the Google Closure Library versions up to and including v20200224 allows an attacker to send malicious URLs to be parsed by the library and return the wrong authority. Mitigation: update your library to version v20200315.</system-out><system-err>location: /home/runner/.m2/repository/org/clojure/google-closure-library/0.0-20151016-61277aea/google-closure-library-0.0-20151016-61277aea.jar, project-references: [  ]</system-err></testcase></testsuite><testsuite failures="0" errors="0" time="0" id="78" name="/home/runner/.m2/repository/org/clojars/brenton/google-diff-match-patch/0.1/google-diff-match-patch-0.1.jar" package="google-diff-match-patch-0.1.jar" skipped="0" tests="1" timestamp="2023-09-19T02:17:24.899397853"><testcase classname="dependency-check" name="google-diff-match-patch-0.1.jar"/></testsuite><testsuite failures="2" errors="0" time="0" id="79" name="/home/runner/.m2/repository/com/google/guava/guava/31.1-android/guava-31.1-android.jar" package="guava-31.1-android.jar" skipped="0" tests="2" timestamp="2023-09-19T02:17:24.899397853"><testcase classname="CVE-2023-2976" name="pkg:maven/com.google.guava/guava@31.1-android"><failure message="cvssV3: HIGH, score: 7.1 (CVSS:3.1/AV:L/AC:L/PR:L/UI:N/S:U/C:H/I:H/A:N)"/><system-out>Use of Java&apos;s default temporary directory for file creation in `FileBackedOutputStream` in Google Guava versions 1.0 to 31.1 on Unix systems and Android Ice Cream Sandwich allows other users and apps on the machine with access to the default Java temporary directory to be able to access the files created by the class.

Even though the security vulnerability is fixed in version 32.0.0, we recommend using version 32.0.1 as version 32.0.0 breaks some functionality under Windows.

</system-out><system-err>location: /home/runner/.m2/repository/com/google/guava/guava/31.1-android/guava-31.1-android.jar, project-references: [  ]</system-err></testcase><testcase classname="CVE-2020-8908" name="pkg:maven/com.google.guava/guava@31.1-android"><failure message="cvssV3: LOW, score: 3.3 (CVSS:3.1/AV:L/AC:L/PR:L/UI:N/S:U/C:L/I:N/A:N)"/><system-out>A temp directory creation vulnerability exists in all versions of Guava, allowing an attacker with access to the machine to potentially access data in a temporary directory created by the Guava API com.google.common.io.Files.createTempDir(). By default, on unix-like systems, the created directory is world-readable (readable by an attacker with access to the system). The method in question has been marked @Deprecated in versions 30.0 and later and should not be used. For Android developers, we recommend choosing a temporary directory API provided by Android, such as context.getCacheDir(). For other Java developers, we recommend migrating to the Java 7 API java.nio.file.Files.createTempDirectory() which explicitly configures permissions of 700, or configuring the Java runtime&apos;s java.io.tmpdir system property to point to a location whose permissions are appropriately configured.

</system-out><system-err>location: /home/runner/.m2/repository/com/google/guava/guava/31.1-android/guava-31.1-android.jar, project-references: [  ]</system-err></testcase></testsuite><testsuite failures="0" errors="0" time="0" id="80" name="/home/runner/.m2/repository/com/google/inject/guice/4.2.2/guice-4.2.2-no_aop.jar" package="guice-4.2.2-no_aop.jar" skipped="0" tests="1" timestamp="2023-09-19T02:17:24.899397853"><testcase classname="dependency-check" name="guice-4.2.2-no_aop.jar"/></testsuite><testsuite failures="0" errors="0" time="0" id="81" name="/home/runner/.m2/repository/hiccup/hiccup/1.0.5/hiccup-1.0.5.jar" package="hiccup-1.0.5.jar" skipped="0" tests="1" timestamp="2023-09-19T02:17:24.899397853"><testcase classname="dependency-check" name="hiccup-1.0.5.jar"/></testsuite><testsuite failures="0" errors="0" time="0" id="82" name="/home/runner/.m2/repository/com/cognitect/http-client/1.0.115/http-client-1.0.115.jar" package="http-client-1.0.115.jar" skipped="0" tests="1" timestamp="2023-09-19T02:17:24.899397853"><testcase classname="dependency-check" name="http-client-1.0.115.jar"/></testsuite><testsuite failures="0" errors="0" time="0" id="83" name="/home/runner/.m2/repository/org/apache/httpcomponents/httpclient/4.5.13/httpclient-4.5.13.jar" package="httpclient-4.5.13.jar" skipped="0" tests="1" timestamp="2023-09-19T02:17:24.899397853"><testcase classname="dependency-check" name="httpclient-4.5.13.jar"/></testsuite><testsuite failures="0" errors="0" time="0" id="84" name="/home/runner/.m2/repository/org/apache/httpcomponents/httpcore/4.4.15/httpcore-4.4.15.jar" package="httpcore-4.4.15.jar" skipped="0" tests="1" timestamp="2023-09-19T02:17:24.899397853"><testcase classname="dependency-check" name="httpcore-4.4.15.jar"/></testsuite><testsuite failures="0" errors="0" time="0" id="85" name="/home/runner/.m2/repository/software/amazon/ion/ion-java/1.0.2/ion-java-1.0.2.jar" package="ion-java-1.0.2.jar" skipped="0" tests="1" timestamp="2023-09-19T02:17:24.899397853"><testcase classname="dependency-check" name="ion-java-1.0.2.jar"/></testsuite><testsuite failures="0" errors="0" time="0" id="86" name="/home/runner/.m2/repository/com/google/j2objc/j2objc-annotations/1.3/j2objc-annotations-1.3.jar" package="j2objc-annotations-1.3.jar" skipped="0" tests="1" timestamp="2023-09-19T02:17:24.899397853"><testcase classname="dependency-check" name="j2objc-annotations-1.3.jar"/></testsuite><testsuite failures="0" errors="0" time="0" id="87" name="/home/runner/.m2/repository/com/fasterxml/jackson/core/jackson-annotations/2.12.4/jackson-annotations-2.12.4.jar" package="jackson-annotations-2.12.4.jar" skipped="0" tests="1" timestamp="2023-09-19T02:17:24.899397853"><testcase classname="dependency-check" name="jackson-annotations-2.12.4.jar"/></testsuite><testsuite failures="0" errors="0" time="0" id="88" name="/home/runner/.m2/repository/com/fasterxml/jackson/core/jackson-core/2.14.2/jackson-core-2.14.2.jar" package="jackson-core-2.14.2.jar" skipped="0" tests="1" timestamp="2023-09-19T02:17:24.899397853"><testcase classname="dependency-check" name="jackson-core-2.14.2.jar"/></testsuite><testsuite failures="5" errors="0" time="0" id="89" name="/home/runner/.m2/repository/com/fasterxml/jackson/core/jackson-databind/2.12.4/jackson-databind-2.12.4.jar" package="jackson-databind-2.12.4.jar" skipped="0" tests="5" timestamp="2023-09-19T02:17:24.899397853"><testcase classname="CVE-2020-36518" name="pkg:maven/com.fasterxml.jackson.core/jackson-databind@2.12.4"><failure message="cvssV3: HIGH, score: 7.5 (CVSS:3.1/AV:N/AC:L/PR:N/UI:N/S:U/C:N/I:N/A:H)"/><system-out>jackson-databind before 2.13.0 allows a Java StackOverflow exception and denial of service via a large depth of nested objects.</system-out><system-err>location: /home/runner/.m2/repository/com/fasterxml/jackson/core/jackson-databind/2.12.4/jackson-databind-2.12.4.jar, project-references: [  ]</system-err></testcase><testcase classname="CVE-2021-46877" name="pkg:maven/com.fasterxml.jackson.core/jackson-databind@2.12.4"><failure message="cvssV3: HIGH, score: 7.5 (CVSS:3.1/AV:N/AC:L/PR:N/UI:N/S:U/C:N/I:N/A:H)"/><system-out>jackson-databind 2.10.x through 2.12.x before 2.12.6 and 2.13.x before 2.13.1 allows attackers to cause a denial of service (2 GB transient heap usage per read) in uncommon situations involving JsonNode JDK serialization.</system-out><system-err>location: /home/runner/.m2/repository/com/fasterxml/jackson/core/jackson-databind/2.12.4/jackson-databind-2.12.4.jar, project-references: [  ]</system-err></testcase><testcase classname="CVE-2022-42003" name="pkg:maven/com.fasterxml.jackson.core/jackson-databind@2.12.4"><failure message="cvssV3: HIGH, score: 7.5 (CVSS:3.1/AV:N/AC:L/PR:N/UI:N/S:U/C:N/I:N/A:H)"/><system-out>In FasterXML jackson-databind before 2.14.0-rc1, resource exhaustion can occur because of a lack of a check in primitive value deserializers to avoid deep wrapper array nesting, when the UNWRAP_SINGLE_VALUE_ARRAYS feature is enabled. Additional fix version in 2.13.4.1 and 2.12.17.1</system-out><system-err>location: /home/runner/.m2/repository/com/fasterxml/jackson/core/jackson-databind/2.12.4/jackson-databind-2.12.4.jar, project-references: [  ]</system-err></testcase><testcase classname="CVE-2022-42004" name="pkg:maven/com.fasterxml.jackson.core/jackson-databind@2.12.4"><failure message="cvssV3: HIGH, score: 7.5 (CVSS:3.1/AV:N/AC:L/PR:N/UI:N/S:U/C:N/I:N/A:H)"/><system-out>In FasterXML jackson-databind before 2.13.4, resource exhaustion can occur because of a lack of a check in BeanDeserializer._deserializeFromArray to prevent use of deeply nested arrays. An application is vulnerable only with certain customized choices for deserialization.</system-out><system-err>location: /home/runner/.m2/repository/com/fasterxml/jackson/core/jackson-databind/2.12.4/jackson-databind-2.12.4.jar, project-references: [  ]</system-err></testcase><testcase classname="CVE-2023-35116" name="pkg:maven/com.fasterxml.jackson.core/jackson-databind@2.12.4"><failure message="cvssV3: MEDIUM, score: 4.7 (CVSS:3.1/AV:L/AC:H/PR:L/UI:N/S:U/C:N/I:N/A:H)"/><system-out>** DISPUTED ** jackson-databind through 2.15.2 allows attackers to cause a denial of service or other unspecified impact via a crafted object that uses cyclic dependencies. NOTE: the vendor&apos;s perspective is that this is not a valid vulnerability report, because the steps of constructing a cyclic data structure and trying to serialize it cannot be achieved by an external attacker.</system-out><system-err>location: /home/runner/.m2/repository/com/fasterxml/jackson/core/jackson-databind/2.12.4/jackson-databind-2.12.4.jar, project-references: [  ]</system-err></testcase></testsuite><testsuite failures="0" errors="0" time="0" id="90" name="/home/runner/.m2/repository/com/fasterxml/jackson/dataformat/jackson-dataformat-cbor/2.13.3/jackson-dataformat-cbor-2.13.3.jar" package="jackson-dataformat-cbor-2.13.3.jar" skipped="0" tests="1" timestamp="2023-09-19T02:17:24.899397853"><testcase classname="dependency-check" name="jackson-dataformat-cbor-2.13.3.jar"/></testsuite><testsuite failures="0" errors="0" time="0" id="91" name="/home/runner/.m2/repository/org/clojure/java.classpath/1.0.0/java.classpath-1.0.0.jar" package="java.classpath-1.0.0.jar" skipped="0" tests="1" timestamp="2023-09-19T02:17:24.899397853"><testcase classname="dependency-check" name="java.classpath-1.0.0.jar"/></testsuite><testsuite failures="0" errors="0" time="0" id="92" name="/home/runner/.m2/repository/com/github/javaparser/javaparser-core/3.25.3/javaparser-core-3.25.3.jar" package="javaparser-core-3.25.3.jar" skipped="0" tests="1" timestamp="2023-09-19T02:17:24.899397853"><testcase classname="dependency-check" name="javaparser-core-3.25.3.jar"/></testsuite><testsuite failures="0" errors="0" time="0" id="93" name="/home/runner/.m2/repository/org/javassist/javassist/3.18.1-GA/javassist-3.18.1-GA.jar" package="javassist-3.18.1-GA.jar" skipped="0" tests="1" timestamp="2023-09-19T02:17:24.899397853"><testcase classname="dependency-check" name="javassist-3.18.1-GA.jar"/></testsuite><testsuite failures="0" errors="0" time="0" id="94" name="/home/runner/.m2/repository/javax/activation/javax.activation-api/1.2.0/javax.activation-api-1.2.0.jar" package="javax.activation-api-1.2.0.jar" skipped="0" tests="1" timestamp="2023-09-19T02:17:24.899397853"><testcase classname="dependency-check" name="javax.activation-api-1.2.0.jar"/></testsuite><testsuite failures="0" errors="0" time="0" id="95" name="/home/runner/.m2/repository/javax/annotation/javax.annotation-api/1.3.2/javax.annotation-api-1.3.2.jar" package="javax.annotation-api-1.3.2.jar" skipped="0" tests="1" timestamp="2023-09-19T02:17:24.899397853"><testcase classname="dependency-check" name="javax.annotation-api-1.3.2.jar"/></testsuite><testsuite failures="0" errors="0" time="0" id="96" name="/home/runner/.m2/repository/javax/inject/javax.inject/1/javax.inject-1.jar" package="javax.inject-1.jar" skipped="0" tests="1" timestamp="2023-09-19T02:17:24.899397853"><testcase classname="dependency-check" name="javax.inject-1.jar"/></testsuite><testsuite failures="0" errors="0" time="0" id="97" name="/home/runner/.m2/repository/javax/xml/bind/jaxb-api/2.4.0-b180830.0359/jaxb-api-2.4.0-b180830.0359.jar" package="jaxb-api-2.4.0-b180830.0359.jar" skipped="0" tests="1" timestamp="2023-09-19T02:17:24.899397853"><testcase classname="dependency-check" name="jaxb-api-2.4.0-b180830.0359.jar"/></testsuite><testsuite failures="0" errors="0" time="0" id="98" name="/home/runner/.m2/repository/org/slf4j/jcl-over-slf4j/2.0.9/jcl-over-slf4j-2.0.9.jar" package="jcl-over-slf4j-2.0.9.jar" skipped="0" tests="1" timestamp="2023-09-19T02:17:24.899397853"><testcase classname="dependency-check" name="jcl-over-slf4j-2.0.9.jar"/></testsuite><testsuite failures="3" errors="0" time="0" id="99" name="/home/runner/.m2/repository/org/eclipse/jetty/jetty-http/9.4.48.v20220622/jetty-http-9.4.48.v20220622.jar" package="jetty-http-9.4.48.v20220622.jar" skipped="0" tests="3" timestamp="2023-09-19T02:17:24.899397853"><testcase classname="CVE-2023-26048" name="pkg:maven/org.eclipse.jetty/jetty-http@9.4.48.v20220622"><failure message="cvssV3: MEDIUM, score: 5.3 (CVSS:3.1/AV:N/AC:L/PR:N/UI:N/S:U/C:N/I:N/A:L)"/><system-out>Jetty is a java based web server and servlet engine. In affected versions servlets with multipart support (e.g. annotated with `@MultipartConfig`) that call `HttpServletRequest.getParameter()` or `HttpServletRequest.getParts()` may cause `OutOfMemoryError` when the client sends a multipart request with a part that has a name but no filename and very large content. This happens even with the default settings of `fileSizeThreshold=0` which should stream the whole part content to disk. An attacker client may send a large multipart request and cause the server to throw `OutOfMemoryError`. However, the server may be able to recover after the `OutOfMemoryError` and continue its service -- although it may take some time. This issue has been patched in versions 9.4.51, 10.0.14, and 11.0.14. Users are advised to upgrade. Users unable to upgrade may set the multipart parameter `maxRequestSize` which must be set to a non-negative value, so the whole multipart content is limited (although still read into memory).</system-out><system-err>location: /home/runner/.m2/repository/org/eclipse/jetty/jetty-http/9.4.48.v20220622/jetty-http-9.4.48.v20220622.jar, project-references: [  ]</system-err></testcase><testcase classname="CVE-2023-26049" name="pkg:maven/org.eclipse.jetty/jetty-http@9.4.48.v20220622"><failure message="cvssV3: MEDIUM, score: 5.3 (CVSS:3.1/AV:N/AC:L/PR:N/UI:N/S:U/C:L/I:N/A:N)"/><system-out>Jetty is a java based web server and servlet engine. Nonstandard cookie parsing in Jetty may allow an attacker to smuggle cookies within other cookies, or otherwise perform unintended behavior by tampering with the cookie parsing mechanism. If Jetty sees a cookie VALUE that starts with `&quot;` (double quote), it will continue to read the cookie string until it sees a closing quote -- even if a semicolon is encountered. So, a cookie header such as: `DISPLAY_LANGUAGE=&quot;b; JSESSIONID=1337; c=d&quot;` will be parsed as one cookie, with the name DISPLAY_LANGUAGE and a value of b; JSESSIONID=1337; c=d instead of 3 separate cookies. This has security implications because if, say, JSESSIONID is an HttpOnly cookie, and the DISPLAY_LANGUAGE cookie value is rendered on the page, an attacker can smuggle the JSESSIONID cookie into the DISPLAY_LANGUAGE cookie and thereby exfiltrate it. This is significant when an intermediary is enacting some policy based on cookies, so a smuggled cookie can bypass that policy yet still be seen by the Jetty server or its logging system. This issue has been addressed in versions 9.4.51, 10.0.14, 11.0.14, and 12.0.0.beta0 and users are advised to upgrade. There are no known workarounds for this issue.</system-out><system-err>location: /home/runner/.m2/repository/org/eclipse/jetty/jetty-http/9.4.48.v20220622/jetty-http-9.4.48.v20220622.jar, project-references: [  ]</system-err></testcase><testcase classname="CVE-2023-40167" name="pkg:maven/org.eclipse.jetty/jetty-http@9.4.48.v20220622"><failure message="cvssV3: MEDIUM, score: 5.3 (CVSS:3.1/AV:N/AC:L/PR:N/UI:N/S:U/C:N/I:L/A:N)"/><system-out>Jetty is a Java based web server and servlet engine. Prior to versions 9.4.52, 10.0.16, 11.0.16, and 12.0.1, Jetty accepts the `+` character proceeding the content-length value in a HTTP/1 header field.  This is more permissive than allowed by the RFC and other servers routinely reject such requests with 400 responses.  There is no known exploit scenario, but it is conceivable that request smuggling could result if jetty is used in combination with a server that does not close the connection after sending such a 400 response. Versions 9.4.52, 10.0.16, 11.0.16, and 12.0.1 contain a patch for this issue. There is no workaround as there is no known exploit scenario.

Sonatype&apos;s research suggests that this CVE&apos;s details differ from those defined at NVD. See https://ossindex.sonatype.org/vulnerability/CVE-2023-40167 for details</system-out><system-err>location: /home/runner/.m2/repository/org/eclipse/jetty/jetty-http/9.4.48.v20220622/jetty-http-9.4.48.v20220622.jar, project-references: [  ]</system-err></testcase></testsuite><testsuite failures="2" errors="0" time="0" id="100" name="/home/runner/.m2/repository/org/eclipse/jetty/jetty-io/9.4.48.v20220622/jetty-io-9.4.48.v20220622.jar" package="jetty-io-9.4.48.v20220622.jar" skipped="0" tests="2" timestamp="2023-09-19T02:17:24.899397853"><testcase classname="CVE-2023-26048" name="pkg:maven/org.eclipse.jetty/jetty-io@9.4.48.v20220622"><failure message="cvssV3: MEDIUM, score: 5.3 (CVSS:3.1/AV:N/AC:L/PR:N/UI:N/S:U/C:N/I:N/A:L)"/><system-out>Jetty is a java based web server and servlet engine. In affected versions servlets with multipart support (e.g. annotated with `@MultipartConfig`) that call `HttpServletRequest.getParameter()` or `HttpServletRequest.getParts()` may cause `OutOfMemoryError` when the client sends a multipart request with a part that has a name but no filename and very large content. This happens even with the default settings of `fileSizeThreshold=0` which should stream the whole part content to disk. An attacker client may send a large multipart request and cause the server to throw `OutOfMemoryError`. However, the server may be able to recover after the `OutOfMemoryError` and continue its service -- although it may take some time. This issue has been patched in versions 9.4.51, 10.0.14, and 11.0.14. Users are advised to upgrade. Users unable to upgrade may set the multipart parameter `maxRequestSize` which must be set to a non-negative value, so the whole multipart content is limited (although still read into memory).</system-out><system-err>location: /home/runner/.m2/repository/org/eclipse/jetty/jetty-io/9.4.48.v20220622/jetty-io-9.4.48.v20220622.jar, project-references: [  ]</system-err></testcase><testcase classname="CVE-2023-26049" name="pkg:maven/org.eclipse.jetty/jetty-io@9.4.48.v20220622"><failure message="cvssV3: MEDIUM, score: 5.3 (CVSS:3.1/AV:N/AC:L/PR:N/UI:N/S:U/C:L/I:N/A:N)"/><system-out>Jetty is a java based web server and servlet engine. Nonstandard cookie parsing in Jetty may allow an attacker to smuggle cookies within other cookies, or otherwise perform unintended behavior by tampering with the cookie parsing mechanism. If Jetty sees a cookie VALUE that starts with `&quot;` (double quote), it will continue to read the cookie string until it sees a closing quote -- even if a semicolon is encountered. So, a cookie header such as: `DISPLAY_LANGUAGE=&quot;b; JSESSIONID=1337; c=d&quot;` will be parsed as one cookie, with the name DISPLAY_LANGUAGE and a value of b; JSESSIONID=1337; c=d instead of 3 separate cookies. This has security implications because if, say, JSESSIONID is an HttpOnly cookie, and the DISPLAY_LANGUAGE cookie value is rendered on the page, an attacker can smuggle the JSESSIONID cookie into the DISPLAY_LANGUAGE cookie and thereby exfiltrate it. This is significant when an intermediary is enacting some policy based on cookies, so a smuggled cookie can bypass that policy yet still be seen by the Jetty server or its logging system. This issue has been addressed in versions 9.4.51, 10.0.14, 11.0.14, and 12.0.0.beta0 and users are advised to upgrade. There are no known workarounds for this issue.</system-out><system-err>location: /home/runner/.m2/repository/org/eclipse/jetty/jetty-io/9.4.48.v20220622/jetty-io-9.4.48.v20220622.jar, project-references: [  ]</system-err></testcase></testsuite><testsuite failures="1" errors="0" time="0" id="101" name="/home/runner/.m2/repository/com/amazonaws/jmespath-java/1.12.49/jmespath-java-1.12.49.jar" package="jmespath-java-1.12.49.jar" skipped="0" tests="1" timestamp="2023-09-19T02:17:24.899397853"><testcase classname="CVE-2022-31159" name="pkg:maven/com.amazonaws/jmespath-java@1.12.49"><failure message="cvssV3: MEDIUM, score: 6.5 (CVSS:3.1/AV:N/AC:L/PR:L/UI:N/S:U/C:H/I:N/A:N)"/><system-out>The AWS SDK for Java enables Java developers to work with Amazon Web Services. A partial-path traversal issue exists within the `downloadDirectory` method in the AWS S3 TransferManager component of the AWS SDK for Java v1 prior to version 1.12.261. Applications using the SDK control the `destinationDirectory` argument, but S3 object keys are determined by the application that uploaded the objects. The `downloadDirectory` method allows the caller to pass a filesystem object in the object key but contained an issue in the validation logic for the key name. A knowledgeable actor could bypass the validation logic by including a UNIX double-dot in the bucket key. Under certain conditions, this could permit them to retrieve a directory from their S3 bucket that is one level up in the filesystem from their working directory. This issue’s scope is limited to directories whose name prefix matches the destinationDirectory. E.g. for destination directory`/tmp/foo`, the actor can cause a download to `/tmp/foo-bar`, but not `/tmp/bar`. If `com.amazonaws.services.s3.transfer.TransferManager::downloadDirectory` is used to download an untrusted buckets contents, the contents of that bucket can be written outside of the intended destination directory. Version 1.12.261 contains a patch for this issue. As a workaround, when calling `com.amazonaws.services.s3.transfer.TransferManager::downloadDirectory`, pass a `KeyFilter` that forbids `S3ObjectSummary` objects that `getKey` method return a string containing the substring `..` .</system-out><system-err>location: /home/runner/.m2/repository/com/amazonaws/jmespath-java/1.12.49/jmespath-java-1.12.49.jar, project-references: [  ]</system-err></testcase></testsuite><testsuite failures="0" errors="0" time="0" id="102" name="/home/runner/.m2/repository/joda-time/joda-time/2.8.1/joda-time-2.8.1.jar" package="joda-time-2.8.1.jar" skipped="0" tests="1" timestamp="2023-09-19T02:17:24.899397853"><testcase classname="dependency-check" name="joda-time-2.8.1.jar"/></testsuite><testsuite failures="0" errors="0" time="0" id="103" name="/home/runner/.m2/repository/com/googlecode/json-simple/json-simple/1.1.1/json-simple-1.1.1.jar" package="json-simple-1.1.1.jar" skipped="0" tests="1" timestamp="2023-09-19T02:17:24.899397853"><testcase classname="dependency-check" name="json-simple-1.1.1.jar"/></testsuite><testsuite failures="2" errors="0" time="0" id="104" name="/home/runner/.m2/repository/org/jsoup/jsoup/1.12.1/jsoup-1.12.1.jar" package="jsoup-1.12.1.jar" skipped="0" tests="2" timestamp="2023-09-19T02:17:24.899397853"><testcase classname="CVE-2021-37714" name="pkg:maven/org.jsoup/jsoup@1.12.1"><failure message="cvssV3: HIGH, score: 7.5 (CVSS:3.1/AV:N/AC:L/PR:N/UI:N/S:U/C:N/I:N/A:H)"/><system-out>jsoup is a Java library for working with HTML. Those using jsoup versions prior to 1.14.2 to parse untrusted HTML or XML may be vulnerable to DOS attacks. If the parser is run on user supplied input, an attacker may supply content that causes the parser to get stuck (loop indefinitely until cancelled), to complete more slowly than usual, or to throw an unexpected exception. This effect may support a denial of service attack. The issue is patched in version 1.14.2. There are a few available workarounds. Users may rate limit input parsing, limit the size of inputs based on system resources, and/or implement thread watchdogs to cap and timeout parse runtimes.</system-out><system-err>location: /home/runner/.m2/repository/org/jsoup/jsoup/1.12.1/jsoup-1.12.1.jar, project-references: [  ]</system-err></testcase><testcase classname="CVE-2022-36033" name="pkg:maven/org.jsoup/jsoup@1.12.1"><failure message="cvssV3: MEDIUM, score: 6.1 (CVSS:3.1/AV:N/AC:L/PR:N/UI:R/S:C/C:L/I:L/A:N)"/><system-out>jsoup is a Java HTML parser, built for HTML editing, cleaning, scraping, and cross-site scripting (XSS) safety. jsoup may incorrectly sanitize HTML including `javascript:` URL expressions, which could allow XSS attacks when a reader subsequently clicks that link. If the non-default `SafeList.preserveRelativeLinks` option is enabled, HTML including `javascript:` URLs that have been crafted with control characters will not be sanitized. If the site that this HTML is published on does not set a Content Security Policy, an XSS attack is then possible. This issue is patched in jsoup 1.15.3. Users should upgrade to this version. Additionally, as the unsanitized input may have been persisted, old content should be cleaned again using the updated version. To remediate this issue without immediately upgrading: - disable `SafeList.preserveRelativeLinks`, which will rewrite input URLs as absolute URLs - ensure an appropriate [Content Security Policy](https://developer.mozilla.org/en-US/docs/Web/HTTP/CSP) is defined. (This should be used regardless of upgrading, as a defence-in-depth best practice.)</system-out><system-err>location: /home/runner/.m2/repository/org/jsoup/jsoup/1.12.1/jsoup-1.12.1.jar, project-references: [  ]</system-err></testcase></testsuite><testsuite failures="0" errors="0" time="0" id="105" name="/home/runner/.m2/repository/com/google/code/findbugs/jsr305/3.0.2/jsr305-3.0.2.jar" package="jsr305-3.0.2.jar" skipped="0" tests="1" timestamp="2023-09-19T02:17:24.899397853"><testcase classname="dependency-check" name="jsr305-3.0.2.jar"/></testsuite><testsuite failures="0" errors="0" time="0" id="106" name="/home/runner/.m2/repository/org/slf4j/jul-to-slf4j/2.0.9/jul-to-slf4j-2.0.9.jar" package="jul-to-slf4j-2.0.9.jar" skipped="0" tests="1" timestamp="2023-09-19T02:17:24.899397853"><testcase classname="dependency-check" name="jul-to-slf4j-2.0.9.jar"/></testsuite><testsuite failures="0" errors="0" time="0" id="107" name="/home/runner/.m2/repository/com/github/pmonks/lice-comb/1.0.114/lice-comb-1.0.114.jar" package="lice-comb-1.0.114.jar" skipped="0" tests="1" timestamp="2023-09-19T02:17:24.899397853"><testcase classname="dependency-check" name="lice-comb-1.0.114.jar"/></testsuite><testsuite failures="0" errors="0" time="0" id="108" name="/home/runner/.m2/repository/com/google/guava/listenablefuture/9999.0-empty-to-avoid-conflict-with-guava/listenablefuture-9999.0-empty-to-avoid-conflict-with-guava.jar" package="listenablefuture-9999.0-empty-to-avoid-conflict-with-guava.jar" skipped="0" tests="1" timestamp="2023-09-19T02:17:24.899397853"><testcase classname="dependency-check" name="listenablefuture-9999.0-empty-to-avoid-conflict-with-guava.jar"/></testsuite><testsuite failures="0" errors="0" time="0" id="109" name="/home/runner/.m2/repository/org/slf4j/log4j-over-slf4j/2.0.9/log4j-over-slf4j-2.0.9.jar" package="log4j-over-slf4j-2.0.9.jar" skipped="0" tests="1" timestamp="2023-09-19T02:17:24.899397853"><testcase classname="dependency-check" name="log4j-over-slf4j-2.0.9.jar"/></testsuite><testsuite failures="2" errors="0" time="0" id="110" name="/home/runner/.m2/repository/ch/qos/logback/logback-core/1.0.12/logback-core-1.0.12.jar" package="logback-core-1.0.12.jar" skipped="0" tests="2" timestamp="2023-09-19T02:17:24.899397853"><testcase classname="CVE-2017-5929" name="pkg:maven/ch.qos.logback/logback-core@1.0.12"><failure message="cvssV3: CRITICAL, score: 9.8 (CVSS:3.1/AV:N/AC:L/PR:N/UI:N/S:U/C:H/I:H/A:H)"/><system-out>QOS.ch Logback before 1.2.0 has a serialization vulnerability affecting the SocketServer and ServerSocketReceiver components.</system-out><system-err>location: /home/runner/.m2/repository/ch/qos/logback/logback-core/1.0.12/logback-core-1.0.12.jar, project-references: [  ]</system-err></testcase><testcase classname="CVE-2021-42550" name="pkg:maven/ch.qos.logback/logback-core@1.0.12"><failure message="cvssV3: MEDIUM, score: 6.6 (CVSS:3.1/AV:N/AC:H/PR:H/UI:N/S:U/C:H/I:H/A:H)"/><system-out>In logback version 1.2.7 and prior versions, an attacker with the required privileges to edit configurations files could craft a malicious configuration allowing to execute arbitrary code loaded from LDAP servers.</system-out><system-err>location: /home/runner/.m2/repository/ch/qos/logback/logback-core/1.0.12/logback-core-1.0.12.jar, project-references: [  ]</system-err></testcase></testsuite><testsuite failures="0" errors="0" time="0" id="111" name="/home/runner/.m2/repository/org/apache/maven/maven-artifact/3.8.6/maven-artifact-3.8.6.jar" package="maven-artifact-3.8.6.jar" skipped="0" tests="1" timestamp="2023-09-19T02:17:24.899397853"><testcase classname="dependency-check" name="maven-artifact-3.8.6.jar"/></testsuite><testsuite failures="0" errors="0" time="0" id="112" name="/home/runner/.m2/repository/org/apache/maven/maven-builder-support/3.8.6/maven-builder-support-3.8.6.jar" package="maven-builder-support-3.8.6.jar" skipped="0" tests="1" timestamp="2023-09-19T02:17:24.899397853"><testcase classname="dependency-check" name="maven-builder-support-3.8.6.jar"/></testsuite><testsuite failures="0" errors="0" time="0" id="113" name="/home/runner/.m2/repository/org/apache/maven/maven-core/3.8.6/maven-core-3.8.6.jar" package="maven-core-3.8.6.jar" skipped="0" tests="1" timestamp="2023-09-19T02:17:24.899397853"><testcase classname="dependency-check" name="maven-core-3.8.6.jar"/></testsuite><testsuite failures="0" errors="0" time="0" id="114" name="/home/runner/.m2/repository/org/apache/maven/maven-model/3.8.6/maven-model-3.8.6.jar" package="maven-model-3.8.6.jar" skipped="0" tests="1" timestamp="2023-09-19T02:17:24.899397853"><testcase classname="dependency-check" name="maven-model-3.8.6.jar"/></testsuite><testsuite failures="0" errors="0" time="0" id="115" name="/home/runner/.m2/repository/org/apache/maven/maven-model-builder/3.8.6/maven-model-builder-3.8.6.jar" package="maven-model-builder-3.8.6.jar" skipped="0" tests="1" timestamp="2023-09-19T02:17:24.899397853"><testcase classname="dependency-check" name="maven-model-builder-3.8.6.jar"/></testsuite><testsuite failures="0" errors="0" time="0" id="116" name="/home/runner/.m2/repository/org/apache/maven/maven-plugin-api/3.8.6/maven-plugin-api-3.8.6.jar" package="maven-plugin-api-3.8.6.jar" skipped="0" tests="1" timestamp="2023-09-19T02:17:24.899397853"><testcase classname="dependency-check" name="maven-plugin-api-3.8.6.jar"/></testsuite><testsuite failures="0" errors="0" time="0" id="117" name="/home/runner/.m2/repository/org/apache/maven/maven-repository-metadata/3.8.6/maven-repository-metadata-3.8.6.jar" package="maven-repository-metadata-3.8.6.jar" skipped="0" tests="1" timestamp="2023-09-19T02:17:24.899397853"><testcase classname="dependency-check" name="maven-repository-metadata-3.8.6.jar"/></testsuite><testsuite failures="0" errors="0" time="0" id="118" name="/home/runner/.m2/repository/org/apache/maven/resolver/maven-resolver-api/1.8.2/maven-resolver-api-1.8.2.jar" package="maven-resolver-api-1.8.2.jar" skipped="0" tests="1" timestamp="2023-09-19T02:17:24.899397853"><testcase classname="dependency-check" name="maven-resolver-api-1.8.2.jar"/></testsuite><testsuite failures="0" errors="0" time="0" id="119" name="/home/runner/.m2/repository/org/apache/maven/resolver/maven-resolver-connector-basic/1.8.2/maven-resolver-connector-basic-1.8.2.jar" package="maven-resolver-connector-basic-1.8.2.jar" skipped="0" tests="1" timestamp="2023-09-19T02:17:24.899397853"><testcase classname="dependency-check" name="maven-resolver-connector-basic-1.8.2.jar"/></testsuite><testsuite failures="0" errors="0" time="0" id="120" name="/home/runner/.m2/repository/org/apache/maven/resolver/maven-resolver-impl/1.8.2/maven-resolver-impl-1.8.2.jar" package="maven-resolver-impl-1.8.2.jar" skipped="0" tests="1" timestamp="2023-09-19T02:17:24.899397853"><testcase classname="dependency-check" name="maven-resolver-impl-1.8.2.jar"/></testsuite><testsuite failures="0" errors="0" time="0" id="121" name="/home/runner/.m2/repository/org/apache/maven/resolver/maven-resolver-named-locks/1.8.2/maven-resolver-named-locks-1.8.2.jar" package="maven-resolver-named-locks-1.8.2.jar" skipped="0" tests="1" timestamp="2023-09-19T02:17:24.899397853"><testcase classname="dependency-check" name="maven-resolver-named-locks-1.8.2.jar"/></testsuite><testsuite failures="0" errors="0" time="0" id="122" name="/home/runner/.m2/repository/org/apache/maven/maven-resolver-provider/3.8.6/maven-resolver-provider-3.8.6.jar" package="maven-resolver-provider-3.8.6.jar" skipped="0" tests="1" timestamp="2023-09-19T02:17:24.899397853"><testcase classname="dependency-check" name="maven-resolver-provider-3.8.6.jar"/></testsuite><testsuite failures="0" errors="0" time="0" id="123" name="/home/runner/.m2/repository/org/apache/maven/resolver/maven-resolver-spi/1.8.2/maven-resolver-spi-1.8.2.jar" package="maven-resolver-spi-1.8.2.jar" skipped="0" tests="1" timestamp="2023-09-19T02:17:24.899397853"><testcase classname="dependency-check" name="maven-resolver-spi-1.8.2.jar"/></testsuite><testsuite failures="0" errors="0" time="0" id="124" name="/home/runner/.m2/repository/org/apache/maven/resolver/maven-resolver-transport-file/1.8.2/maven-resolver-transport-file-1.8.2.jar" package="maven-resolver-transport-file-1.8.2.jar" skipped="0" tests="1" timestamp="2023-09-19T02:17:24.899397853"><testcase classname="dependency-check" name="maven-resolver-transport-file-1.8.2.jar"/></testsuite><testsuite failures="0" errors="0" time="0" id="125" name="/home/runner/.m2/repository/org/apache/maven/resolver/maven-resolver-transport-http/1.8.2/maven-resolver-transport-http-1.8.2.jar" package="maven-resolver-transport-http-1.8.2.jar" skipped="0" tests="1" timestamp="2023-09-19T02:17:24.899397853"><testcase classname="dependency-check" name="maven-resolver-transport-http-1.8.2.jar"/></testsuite><testsuite failures="0" errors="0" time="0" id="126" name="/home/runner/.m2/repository/org/apache/maven/resolver/maven-resolver-transport-wagon/1.3.3/maven-resolver-transport-wagon-1.3.3.jar" package="maven-resolver-transport-wagon-1.3.3.jar" skipped="0" tests="1" timestamp="2023-09-19T02:17:24.899397853"><testcase classname="dependency-check" name="maven-resolver-transport-wagon-1.3.3.jar"/></testsuite><testsuite failures="0" errors="0" time="0" id="127" name="/home/runner/.m2/repository/org/apache/maven/resolver/maven-resolver-util/1.8.2/maven-resolver-util-1.8.2.jar" package="maven-resolver-util-1.8.2.jar" skipped="0" tests="1" timestamp="2023-09-19T02:17:24.899397853"><testcase classname="dependency-check" name="maven-resolver-util-1.8.2.jar"/></testsuite><testsuite failures="0" errors="0" time="0" id="128" name="/home/runner/.m2/repository/org/apache/maven/maven-settings/3.8.6/maven-settings-3.8.6.jar" package="maven-settings-3.8.6.jar" skipped="0" tests="1" timestamp="2023-09-19T02:17:24.899397853"><testcase classname="dependency-check" name="maven-settings-3.8.6.jar"/></testsuite><testsuite failures="0" errors="0" time="0" id="129" name="/home/runner/.m2/repository/org/apache/maven/maven-settings-builder/3.8.6/maven-settings-builder-3.8.6.jar" package="maven-settings-builder-3.8.6.jar" skipped="0" tests="1" timestamp="2023-09-19T02:17:24.899397853"><testcase classname="dependency-check" name="maven-settings-builder-3.8.6.jar"/></testsuite><testsuite failures="0" errors="0" time="0" id="130" name="/home/runner/.m2/repository/org/apache/maven/shared/maven-shared-utils/3.3.4/maven-shared-utils-3.3.4.jar" package="maven-shared-utils-3.3.4.jar" skipped="0" tests="1" timestamp="2023-09-19T02:17:24.899397853"><testcase classname="dependency-check" name="maven-shared-utils-3.3.4.jar"/></testsuite><testsuite failures="0" errors="0" time="0" id="131" name="/home/runner/.m2/repository/org/msgpack/msgpack/0.6.12/msgpack-0.6.12.jar" package="msgpack-0.6.12.jar" skipped="0" tests="1" timestamp="2023-09-19T02:17:24.899397853"><testcase classname="dependency-check" name="msgpack-0.6.12.jar"/></testsuite><testsuite failures="0" errors="0" time="0" id="132" name="/home/runner/.m2/repository/org/eclipse/sisu/org.eclipse.sisu.inject/0.3.5/org.eclipse.sisu.inject-0.3.5.jar" package="org.eclipse.sisu.inject-0.3.5.jar" skipped="0" tests="1" timestamp="2023-09-19T02:17:24.899397853"><testcase classname="dependency-check" name="org.eclipse.sisu.inject-0.3.5.jar"/></testsuite><testsuite failures="0" errors="0" time="0" id="133" name="/home/runner/.m2/repository/org/eclipse/sisu/org.eclipse.sisu.plexus/0.3.5/org.eclipse.sisu.plexus-0.3.5.jar" package="org.eclipse.sisu.plexus-0.3.5.jar" skipped="0" tests="1" timestamp="2023-09-19T02:17:24.899397853"><testcase classname="dependency-check" name="org.eclipse.sisu.plexus-0.3.5.jar"/></testsuite><testsuite failures="0" errors="0" time="0" id="134" name="/home/runner/.m2/repository/org/sonatype/plexus/plexus-cipher/1.4/plexus-cipher-1.4.jar" package="plexus-cipher-1.4.jar" skipped="0" tests="1" timestamp="2023-09-19T02:17:24.899397853"><testcase classname="dependency-check" name="plexus-cipher-1.4.jar"/></testsuite><testsuite failures="0" errors="0" time="0" id="135" name="/home/runner/.m2/repository/org/codehaus/plexus/plexus-cipher/2.0/plexus-cipher-2.0.jar" package="plexus-cipher-2.0.jar" skipped="0" tests="1" timestamp="2023-09-19T02:17:24.899397853"><testcase classname="dependency-check" name="plexus-cipher-2.0.jar"/></testsuite><testsuite failures="0" errors="0" time="0" id="136" name="/home/runner/.m2/repository/org/codehaus/plexus/plexus-classworlds/2.6.0/plexus-classworlds-2.6.0.jar" package="plexus-classworlds-2.6.0.jar" skipped="0" tests="1" timestamp="2023-09-19T02:17:24.899397853"><testcase classname="dependency-check" name="plexus-classworlds-2.6.0.jar"/></testsuite><testsuite failures="0" errors="0" time="0" id="137" name="/home/runner/.m2/repository/org/codehaus/plexus/plexus-component-annotations/2.1.0/plexus-component-annotations-2.1.0.jar" package="plexus-component-annotations-2.1.0.jar" skipped="0" tests="1" timestamp="2023-09-19T02:17:24.899397853"><testcase classname="dependency-check" name="plexus-component-annotations-2.1.0.jar"/></testsuite><testsuite failures="0" errors="0" time="0" id="138" name="/home/runner/.m2/repository/org/codehaus/plexus/plexus-interpolation/1.26/plexus-interpolation-1.26.jar" package="plexus-interpolation-1.26.jar" skipped="0" tests="1" timestamp="2023-09-19T02:17:24.899397853"><testcase classname="dependency-check" name="plexus-interpolation-1.26.jar"/></testsuite><testsuite failures="0" errors="0" time="0" id="139" name="/home/runner/.m2/repository/org/sonatype/plexus/plexus-sec-dispatcher/1.4/plexus-sec-dispatcher-1.4.jar" package="plexus-sec-dispatcher-1.4.jar" skipped="0" tests="1" timestamp="2023-09-19T02:17:24.899397853"><testcase classname="dependency-check" name="plexus-sec-dispatcher-1.4.jar"/></testsuite><testsuite failures="0" errors="0" time="0" id="140" name="/home/runner/.m2/repository/org/codehaus/plexus/plexus-sec-dispatcher/2.0/plexus-sec-dispatcher-2.0.jar" package="plexus-sec-dispatcher-2.0.jar" skipped="0" tests="1" timestamp="2023-09-19T02:17:24.899397853"><testcase classname="dependency-check" name="plexus-sec-dispatcher-2.0.jar"/></testsuite><testsuite failures="0" errors="0" time="0" id="141" name="/home/runner/.m2/repository/org/codehaus/plexus/plexus-utils/3.4.1/plexus-utils-3.4.1.jar" package="plexus-utils-3.4.1.jar" skipped="0" tests="1" timestamp="2023-09-19T02:17:24.899397853"><testcase classname="dependency-check" name="plexus-utils-3.4.1.jar"/></testsuite><testsuite failures="0" errors="0" time="0" id="142" name="/home/runner/.m2/repository/clj-commons/pomegranate/1.2.1/pomegranate-1.2.1.jar" package="pomegranate-1.2.1.jar" skipped="0" tests="1" timestamp="2023-09-19T02:17:24.899397853"><testcase classname="dependency-check" name="pomegranate-1.2.1.jar"/></testsuite><testsuite failures="0" errors="0" time="0" id="143" name="/home/runner/.m2/repository/org/mozilla/rhino/1.7R5/rhino-1.7R5.jar" package="rhino-1.7R5.jar" skipped="0" tests="1" timestamp="2023-09-19T02:17:24.899397853"><testcase classname="dependency-check" name="rhino-1.7R5.jar"/></testsuite><testsuite failures="0" errors="0" time="0" id="144" name="/home/runner/.m2/repository/com/cognitect/aws/s3/822.2.1145.0/s3-822.2.1145.0.jar" package="s3-822.2.1145.0.jar" skipped="0" tests="1" timestamp="2023-09-19T02:17:24.899397853"><testcase classname="dependency-check" name="s3-822.2.1145.0.jar"/></testsuite><testsuite failures="0" errors="0" time="0" id="145" name="/home/runner/.m2/repository/s3-wagon-private/s3-wagon-private/1.3.5/s3-wagon-private-1.3.5.jar" package="s3-wagon-private-1.3.5.jar" skipped="0" tests="1" timestamp="2023-09-19T02:17:24.899397853"><testcase classname="dependency-check" name="s3-wagon-private-1.3.5.jar"/></testsuite><testsuite failures="0" errors="0" time="0" id="146" name="/home/runner/.m2/repository/org/babashka/sci/0.7.38/sci-0.7.38.jar" package="sci-0.7.38.jar" skipped="0" tests="1" timestamp="2023-09-19T02:17:24.899397853"><testcase classname="dependency-check" name="sci-0.7.38.jar"/></testsuite><testsuite failures="0" errors="0" time="0" id="147" name="/home/runner/.m2/repository/borkdude/sci.impl.reflector/0.0.1/sci.impl.reflector-0.0.1.jar" package="sci.impl.reflector-0.0.1.jar" skipped="0" tests="1" timestamp="2023-09-19T02:17:24.899397853"><testcase classname="dependency-check" name="sci.impl.reflector-0.0.1.jar"/></testsuite><testsuite failures="0" errors="0" time="0" id="148" name="/home/runner/.m2/repository/org/babashka/sci.impl.types/0.0.2/sci.impl.types-0.0.2.jar" package="sci.impl.types-0.0.2.jar" skipped="0" tests="1" timestamp="2023-09-19T02:17:24.899397853"><testcase classname="dependency-check" name="sci.impl.types-0.0.2.jar"/></testsuite><testsuite failures="0" errors="0" time="0" id="149" name="/home/runner/.m2/repository/org/slf4j/slf4j-api/2.0.9/slf4j-api-2.0.9.jar" package="slf4j-api-2.0.9.jar" skipped="0" tests="1" timestamp="2023-09-19T02:17:24.899397853"><testcase classname="dependency-check" name="slf4j-api-2.0.9.jar"/></testsuite><testsuite failures="0" errors="0" time="0" id="150" name="/home/runner/.m2/repository/org/slf4j/slf4j-nop/1.7.36/slf4j-nop-1.7.36.jar" package="slf4j-nop-1.7.36.jar" skipped="0" tests="1" timestamp="2023-09-19T02:17:24.899397853"><testcase classname="dependency-check" name="slf4j-nop-1.7.36.jar"/></testsuite><testsuite failures="0" errors="0" time="0" id="151" name="/home/runner/.m2/repository/org/clojure/spec.alpha/0.3.218/spec.alpha-0.3.218.jar" package="spec.alpha-0.3.218.jar" skipped="0" tests="1" timestamp="2023-09-19T02:17:24.899397853"><testcase classname="dependency-check" name="spec.alpha-0.3.218.jar"/></testsuite><testsuite failures="0" errors="0" time="0" id="152" name="/home/runner/.m2/repository/org/ccil/cowan/tagsoup/tagsoup/1.2.1/tagsoup-1.2.1.jar" package="tagsoup-1.2.1.jar" skipped="0" tests="1" timestamp="2023-09-19T02:17:24.899397853"><testcase classname="dependency-check" name="tagsoup-1.2.1.jar"/></testsuite><testsuite failures="0" errors="0" time="0" id="153" name="/home/runner/.m2/repository/tigris/tigris/0.1.2/tigris-0.1.2.jar" package="tigris-0.1.2.jar" skipped="0" tests="1" timestamp="2023-09-19T02:17:24.899397853"><testcase classname="dependency-check" name="tigris-0.1.2.jar"/></testsuite><testsuite failures="0" errors="0" time="0" id="154" name="/home/runner/.m2/repository/com/github/pmonks/tools-convenience/1.0.135/tools-convenience-1.0.135.jar" package="tools-convenience-1.0.135.jar" skipped="0" tests="1" timestamp="2023-09-19T02:17:24.899397853"><testcase classname="dependency-check" name="tools-convenience-1.0.135.jar"/></testsuite><testsuite failures="0" errors="0" time="0" id="155" name="/home/runner/.m2/repository/com/github/pmonks/tools-licenses/1.0.136/tools-licenses-1.0.136.jar" package="tools-licenses-1.0.136.jar" skipped="0" tests="1" timestamp="2023-09-19T02:17:24.899397853"><testcase classname="dependency-check" name="tools-licenses-1.0.136.jar"/></testsuite><testsuite failures="0" errors="0" time="0" id="156" name="/home/runner/.m2/repository/com/github/pmonks/tools-pom/1.0.116/tools-pom-1.0.116.jar" package="tools-pom-1.0.116.jar" skipped="0" tests="1" timestamp="2023-09-19T02:17:24.899397853"><testcase classname="dependency-check" name="tools-pom-1.0.116.jar"/></testsuite><testsuite failures="0" errors="0" time="0" id="157" name="/home/runner/.m2/repository/org/clojure/tools.analyzer/1.1.0/tools.analyzer-1.1.0.jar" package="tools.analyzer-1.1.0.jar" skipped="0" tests="1" timestamp="2023-09-19T02:17:24.899397853"><testcase classname="dependency-check" name="tools.analyzer-1.1.0.jar"/></testsuite><testsuite failures="0" errors="0" time="0" id="158" name="/home/runner/.m2/repository/org/clojure/tools.analyzer.jvm/1.2.2/tools.analyzer.jvm-1.2.2.jar" package="tools.analyzer.jvm-1.2.2.jar" skipped="0" tests="1" timestamp="2023-09-19T02:17:24.899397853"><testcase classname="dependency-check" name="tools.analyzer.jvm-1.2.2.jar"/></testsuite><testsuite failures="0" errors="0" time="0" id="159" name="/home/runner/.m2/repository/io/github/clojure/tools.build/0.9.5/tools.build-0.9.5.jar" package="tools.build-0.9.5.jar" skipped="0" tests="1" timestamp="2023-09-19T02:17:24.899397853"><testcase classname="dependency-check" name="tools.build-0.9.5.jar"/></testsuite><testsuite failures="0" errors="0" time="0" id="160" name="/home/runner/.m2/repository/org/clojure/tools.cli/1.0.214/tools.cli-1.0.214.jar" package="tools.cli-1.0.214.jar" skipped="0" tests="1" timestamp="2023-09-19T02:17:24.899397853"><testcase classname="dependency-check" name="tools.cli-1.0.214.jar"/></testsuite><testsuite failures="0" errors="0" time="0" id="161" name="/home/runner/.m2/repository/org/clojure/tools.deps/0.18.1354/tools.deps-0.18.1354.jar" package="tools.deps-0.18.1354.jar" skipped="0" tests="1" timestamp="2023-09-19T02:17:24.899397853"><testcase classname="dependency-check" name="tools.deps-0.18.1354.jar"/></testsuite><testsuite failures="0" errors="0" time="0" id="162" name="/home/runner/.m2/repository/org/clojure/tools.deps.alpha/0.12.1109/tools.deps.alpha-0.12.1109.jar" package="tools.deps.alpha-0.12.1109.jar" skipped="0" tests="1" timestamp="2023-09-19T02:17:24.899397853"><testcase classname="dependency-check" name="tools.deps.alpha-0.12.1109.jar"/></testsuite><testsuite failures="0" errors="0" time="0" id="163" name="/home/runner/.m2/repository/org/clojure/tools.gitlibs/2.5.197/tools.gitlibs-2.5.197.jar" package="tools.gitlibs-2.5.197.jar" skipped="0" tests="1" timestamp="2023-09-19T02:17:24.899397853"><testcase classname="dependency-check" name="tools.gitlibs-2.5.197.jar"/></testsuite><testsuite failures="0" errors="0" time="0" id="164" name="/home/runner/.m2/repository/org/clojure/tools.logging/1.2.4/tools.logging-1.2.4.jar" package="tools.logging-1.2.4.jar" skipped="0" tests="1" timestamp="2023-09-19T02:17:24.899397853"><testcase classname="dependency-check" name="tools.logging-1.2.4.jar"/></testsuite><testsuite failures="0" errors="0" time="0" id="165" name="/home/runner/.m2/repository/org/clojure/tools.namespace/1.4.4/tools.namespace-1.4.4.jar" package="tools.namespace-1.4.4.jar" skipped="0" tests="1" timestamp="2023-09-19T02:17:24.899397853"><testcase classname="dependency-check" name="tools.namespace-1.4.4.jar"/></testsuite><testsuite failures="0" errors="0" time="0" id="166" name="/home/runner/.m2/repository/org/clojure/tools.reader/1.3.6/tools.reader-1.3.6.jar" package="tools.reader-1.3.6.jar" skipped="0" tests="1" timestamp="2023-09-19T02:17:24.899397853"><testcase classname="dependency-check" name="tools.reader-1.3.6.jar"/></testsuite><testsuite failures="0" errors="0" time="0" id="167" name="/home/runner/.m2/repository/com/cognitect/transit-clj/1.0.333/transit-clj-1.0.333.jar" package="transit-clj-1.0.333.jar" skipped="0" tests="1" timestamp="2023-09-19T02:17:24.899397853"><testcase classname="dependency-check" name="transit-clj-1.0.333.jar"/></testsuite><testsuite failures="0" errors="0" time="0" id="168" name="/home/runner/.m2/repository/com/cognitect/transit-java/1.0.371/transit-java-1.0.371.jar" package="transit-java-1.0.371.jar" skipped="0" tests="1" timestamp="2023-09-19T02:17:24.899397853"><testcase classname="dependency-check" name="transit-java-1.0.371.jar"/></testsuite><testsuite failures="0" errors="0" time="0" id="169" name="/home/runner/.m2/repository/org/apache/maven/wagon/wagon-http/3.3.4/wagon-http-3.3.4.jar" package="wagon-http-3.3.4.jar" skipped="0" tests="1" timestamp="2023-09-19T02:17:24.899397853"><testcase classname="dependency-check" name="wagon-http-3.3.4.jar"/></testsuite><testsuite failures="0" errors="0" time="0" id="170" name="/home/runner/.m2/repository/tolitius/xml-in/0.1.1/xml-in-0.1.1.jar" package="xml-in-0.1.1.jar" skipped="0" tests="1" timestamp="2023-09-19T02:17:24.899397853"><testcase classname="dependency-check" name="xml-in-0.1.1.jar"/></testsuite></testsuites>